<?xml version="1.0" encoding="UTF-8"?>
<!-- Generated by org.testng.reporters.JUnitReportReporter -->
<testsuite hostname="DESKTOP-F065LI3" failures="0" tests="2" name="org.automation.testingworld.testcases.TC_001_ValidateLoginFunctionality" time="1.784" errors="1" timestamp="2024-12-04T12:10:33 IST" skipped="1">
  <testcase classname="org.automation.testingworld.testcases.TC_001_ValidateLoginFunctionality" name="initiateDriverInstance" time="1.784">
    <error message="Could not start a new session. Response code 500. Message: session not created: This version of ChromeDriver only supports Chrome version 114
Current browser version is 131.0.6778.86 with binary path C:\Program Files\Google\Chrome\Application\chrome.exe 
Host info: host: &#039;DESKTOP-F065LI3&#039;, ip: &#039;192.168.10.128&#039;
Build info: version: &#039;4.27.0&#039;, revision: &#039;d6e718d134&#039;
System info: os.name: &#039;Windows 11&#039;, os.arch: &#039;amd64&#039;, os.version: &#039;10.0&#039;, java.version: &#039;21.0.4&#039;
Driver info: org.openqa.selenium.chrome.ChromeDriver
Command: [null, newSession {capabilities=[Capabilities {browserName: chrome, goog:chromeOptions: {args: [], extensions: []}}]}]" type="org.openqa.selenium.SessionNotCreatedException">
      <![CDATA[org.openqa.selenium.SessionNotCreatedException: Could not start a new session. Response code 500. Message: session not created: This version of ChromeDriver only supports Chrome version 114
Current browser version is 131.0.6778.86 with binary path C:\Program Files\Google\Chrome\Application\chrome.exe 
Host info: host: 'DESKTOP-F065LI3', ip: '192.168.10.128'
Build info: version: '4.27.0', revision: 'd6e718d134'
System info: os.name: 'Windows 11', os.arch: 'amd64', os.version: '10.0', java.version: '21.0.4'
Driver info: org.openqa.selenium.chrome.ChromeDriver
Command: [null, newSession {capabilities=[Capabilities {browserName: chrome, goog:chromeOptions: {args: [], extensions: []}}]}]
at org.seleniumhq.selenium.remote_driver/org.openqa.selenium.remote.ProtocolHandshake.createSession(ProtocolHandshake.java:114)
at org.seleniumhq.selenium.remote_driver/org.openqa.selenium.remote.ProtocolHandshake.createSession(ProtocolHandshake.java:75)
at org.seleniumhq.selenium.remote_driver/org.openqa.selenium.remote.ProtocolHandshake.createSession(ProtocolHandshake.java:61)
at org.seleniumhq.selenium.remote_driver/org.openqa.selenium.remote.HttpCommandExecutor.execute(HttpCommandExecutor.java:162)
at org.seleniumhq.selenium.remote_driver/org.openqa.selenium.remote.service.DriverCommandExecutor.invokeExecute(DriverCommandExecutor.java:216)
at org.seleniumhq.selenium.remote_driver/org.openqa.selenium.remote.service.DriverCommandExecutor.execute(DriverCommandExecutor.java:174)
at org.seleniumhq.selenium.remote_driver/org.openqa.selenium.remote.RemoteWebDriver.execute(RemoteWebDriver.java:545)
at org.seleniumhq.selenium.remote_driver/org.openqa.selenium.remote.RemoteWebDriver.startSession(RemoteWebDriver.java:245)
at org.seleniumhq.selenium.remote_driver/org.openqa.selenium.remote.RemoteWebDriver.<init>(RemoteWebDriver.java:174)
at org.seleniumhq.selenium.chromium_driver/org.openqa.selenium.chromium.ChromiumDriver.<init>(ChromiumDriver.java:114)
at org.seleniumhq.selenium.chrome_driver/org.openqa.selenium.chrome.ChromeDriver.<init>(ChromeDriver.java:88)
at org.seleniumhq.selenium.chrome_driver/org.openqa.selenium.chrome.ChromeDriver.<init>(ChromeDriver.java:83)
at org.seleniumhq.selenium.chrome_driver/org.openqa.selenium.chrome.ChromeDriver.<init>(ChromeDriver.java:51)
at DataDrivenSeleniumFramework/org.automation.testingworld.base.DriverInstance.initiateDriverInstance(DriverInstance.java:31)
at java.base/jdk.internal.reflect.DirectMethodHandleAccessor.invoke(DirectMethodHandleAccessor.java:103)
at java.base/java.lang.reflect.Method.invoke(Method.java:580)
at org.testng@7.10.1/org.testng.internal.invokers.MethodInvocationHelper.invokeMethod(MethodInvocationHelper.java:141)
at org.testng@7.10.1/org.testng.internal.invokers.MethodInvocationHelper.invokeMethodConsideringTimeout(MethodInvocationHelper.java:71)
at org.testng@7.10.1/org.testng.internal.invokers.ConfigInvoker.invokeConfigurationMethod(ConfigInvoker.java:400)
at org.testng@7.10.1/org.testng.internal.invokers.ConfigInvoker.invokeConfigurations(ConfigInvoker.java:333)
at org.testng@7.10.1/org.testng.internal.invokers.TestInvoker.runConfigMethods(TestInvoker.java:833)
at org.testng@7.10.1/org.testng.internal.invokers.TestInvoker.invokeMethod(TestInvoker.java:600)
at org.testng@7.10.1/org.testng.internal.invokers.TestInvoker.invokeTestMethod(TestInvoker.java:230)
at org.testng@7.10.1/org.testng.internal.invokers.MethodRunner.runInSequence(MethodRunner.java:63)
at org.testng@7.10.1/org.testng.internal.invokers.TestInvoker$MethodInvocationAgent.invoke(TestInvoker.java:992)
at org.testng@7.10.1/org.testng.internal.invokers.TestInvoker.invokeTestMethods(TestInvoker.java:203)
at org.testng@7.10.1/org.testng.internal.invokers.TestMethodWorker.invokeTestMethods(TestMethodWorker.java:154)
at org.testng@7.10.1/org.testng.internal.invokers.TestMethodWorker.run(TestMethodWorker.java:134)
at java.base/java.util.ArrayList.forEach(ArrayList.java:1596)
at org.testng@7.10.1/org.testng.TestRunner.privateRun(TestRunner.java:739)
at org.testng@7.10.1/org.testng.TestRunner.run(TestRunner.java:614)
at org.testng@7.10.1/org.testng.SuiteRunner.runTest(SuiteRunner.java:421)
at org.testng@7.10.1/org.testng.SuiteRunner.runSequentially(SuiteRunner.java:413)
at org.testng@7.10.1/org.testng.SuiteRunner.privateRun(SuiteRunner.java:373)
at org.testng@7.10.1/org.testng.SuiteRunner.run(SuiteRunner.java:312)
at org.testng@7.10.1/org.testng.SuiteRunnerWorker.runSuite(SuiteRunnerWorker.java:52)
at org.testng@7.10.1/org.testng.SuiteRunnerWorker.run(SuiteRunnerWorker.java:95)
at org.testng@7.10.1/org.testng.TestNG.runSuitesSequentially(TestNG.java:1274)
at org.testng@7.10.1/org.testng.TestNG.runSuitesLocally(TestNG.java:1208)
at org.testng@7.10.1/org.testng.TestNG.runSuites(TestNG.java:1112)
at org.testng@7.10.1/org.testng.TestNG.run(TestNG.java:1079)
at org.testng.remote.AbstractRemoteTestNG.run(AbstractRemoteTestNG.java:115)
at org.testng.remote.RemoteTestNG.initAndRun(RemoteTestNG.java:293)
at org.testng.remote.RemoteTestNG.main(RemoteTestNG.java:91)
]]>
    </error>
  </testcase> <!-- initiateDriverInstance -->
  <testcase classname="org.automation.testingworld.testcases.TC_001_ValidateLoginFunctionality" name="tc_001_validateLoginFunctionality" time="0.000">
    <skipped/>
  </testcase> <!-- tc_001_validateLoginFunctionality -->
</testsuite> <!-- org.automation.testingworld.testcases.TC_001_ValidateLoginFunctionality -->
